2026-06-28 13:14:32,210 INFO Ingested 99441 rows from olist_customers_dataset.csv
2026-06-28 13:14:34,890 INFO Ingested 1000163 rows from olist_geolocation_dataset.csv
2026-06-28 13:14:35,309 INFO Ingested 112650 rows from olist_order_items_dataset.csv
2026-06-28 13:14:35,495 INFO Ingested 103886 rows from olist_order_payments_dataset.csv
2026-06-28 13:14:35,891 INFO Ingested 99224 rows from olist_order_reviews_dataset.csv
2026-06-28 13:14:36,358 INFO Ingested 99441 rows from olist_orders_dataset.csv
2026-06-28 13:14:36,488 INFO Ingested 32951 rows from olist_products_dataset.csv
2026-06-28 13:14:36,495 INFO Ingested 3095 rows from olist_sellers_dataset.csv
2026-06-28 13:14:36,497 INFO Ingested 71 rows from product_category_name_translation.csv
2026-06-28 13:15:33,347 INFO Ingested 99441 rows from olist_customers_dataset.csv
2026-06-28 13:15:36,055 INFO Ingested 1000163 rows from olist_geolocation_dataset.csv
2026-06-28 13:15:36,491 INFO Ingested 112650 rows from olist_order_items_dataset.csv
2026-06-28 13:15:36,684 INFO Ingested 103886 rows from olist_order_payments_dataset.csv
2026-06-28 13:15:37,098 INFO Ingested 99224 rows from olist_order_reviews_dataset.csv
2026-06-28 13:15:37,579 INFO Ingested 99441 rows from olist_orders_dataset.csv
2026-06-28 13:15:37,713 INFO Ingested 32951 rows from olist_products_dataset.csv
2026-06-28 13:15:37,720 INFO Ingested 3095 rows from olist_sellers_dataset.csv
2026-06-28 13:15:37,722 INFO Ingested 71 rows from product_category_name_translation.csv
2026-06-28 13:15:37,722 INFO Saved ingestion report to /home/vignesh/projects/Data_Pipeline/data-engineering-olist/ingestion_report.json
2026-06-28 13:15:51,634 INFO Closing down clientserver connection
2026-06-28 13:16:38,173 INFO Closing down clientserver connection
2026-06-28 13:21:51,847 INFO Closing down clientserver connection
2026-06-28 13:24:36,853 INFO Spark processing complete
2026-06-28 13:24:37,518 INFO Closing down clientserver connection
2026-06-28 13:27:04,568 INFO Loaded curated data into PostgreSQL schema olist
2026-06-28 13:38:13,478 INFO Spark processing complete
2026-06-28 13:38:14,467 INFO Closing down clientserver connection
2026-06-28 13:46:49,790 INFO MAE=5.377018190397902 RMSE=8.932327064601793 R2=0.1483629991063774
2026-06-28 13:47:02,573 INFO Could not find local file-backed GX project
2026-06-28 13:47:02,573 INFO Created temporary directory '/tmp/tmp23vkcwtr' for ephemeral docs site
2026-06-28 13:47:02,574 INFO Loading 'datasources' ->
[]
2026-06-28 13:53:48,596 INFO MAE=5.330360381067738 RMSE=8.878226514539731 R2=0.15864800126948386
2026-06-28 13:58:15,628 INFO Could not find local file-backed GX project
2026-06-28 13:58:15,628 INFO Created temporary directory '/tmp/tmpcb_0sb3c' for ephemeral docs site
2026-06-28 13:58:15,629 INFO Loading 'datasources' ->
[]
2026-06-28 13:58:15,633 WARNING /home/vignesh/miniconda3/envs/vicky/lib/python3.10/site-packages/great_expectations/expectations/expectation.py:1631: UserWarning: `result_format` configured at the Validator-level will not be persisted. Please add the configuration to your Checkpoint config or checkpoint_run() method instead.
  warnings.warn(

2026-06-28 13:58:15,639 WARNING /home/vignesh/miniconda3/envs/vicky/lib/python3.10/site-packages/great_expectations/expectations/expectation.py:1631: UserWarning: `result_format` configured at the Validator-level will not be persisted. Please add the configuration to your Checkpoint config or checkpoint_run() method instead.
  warnings.warn(

2026-06-28 13:58:15,661 WARNING /home/vignesh/miniconda3/envs/vicky/lib/python3.10/site-packages/great_expectations/expectations/expectation.py:1631: UserWarning: `result_format` configured at the Validator-level will not be persisted. Please add the configuration to your Checkpoint config or checkpoint_run() method instead.
  warnings.warn(

2026-06-28 13:58:15,668 INFO 	3 expectation(s) included in expectation_suite.
2026-06-28 13:58:15,695 INFO Great Expectations validation success=True
2026-06-28 13:58:27,965 INFO Could not find local file-backed GX project
2026-06-28 13:58:27,966 INFO Created temporary directory '/tmp/tmphp80mc3x' for ephemeral docs site
2026-06-28 13:58:27,966 INFO Loading 'datasources' ->
[]
2026-06-28 13:58:27,971 WARNING /home/vignesh/miniconda3/envs/vicky/lib/python3.10/site-packages/great_expectations/expectations/expectation.py:1631: UserWarning: `result_format` configured at the Validator-level will not be persisted. Please add the configuration to your Checkpoint config or checkpoint_run() method instead.
  warnings.warn(

2026-06-28 13:58:27,977 WARNING /home/vignesh/miniconda3/envs/vicky/lib/python3.10/site-packages/great_expectations/expectations/expectation.py:1631: UserWarning: `result_format` configured at the Validator-level will not be persisted. Please add the configuration to your Checkpoint config or checkpoint_run() method instead.
  warnings.warn(

2026-06-28 13:58:27,997 WARNING /home/vignesh/miniconda3/envs/vicky/lib/python3.10/site-packages/great_expectations/expectations/expectation.py:1631: UserWarning: `result_format` configured at the Validator-level will not be persisted. Please add the configuration to your Checkpoint config or checkpoint_run() method instead.
  warnings.warn(

2026-06-28 13:58:28,005 INFO 	3 expectation(s) included in expectation_suite.
2026-06-28 13:58:28,033 INFO Great Expectations validation success=True
2026-06-28 13:58:53,475 INFO Could not find local file-backed GX project
2026-06-28 13:58:53,476 INFO Created temporary directory '/tmp/tmppchtr4r6' for ephemeral docs site
2026-06-28 13:58:53,476 INFO Loading 'datasources' ->
[]
2026-06-28 13:58:53,481 WARNING /home/vignesh/miniconda3/envs/vicky/lib/python3.10/site-packages/great_expectations/expectations/expectation.py:1631: UserWarning: `result_format` configured at the Validator-level will not be persisted. Please add the configuration to your Checkpoint config or checkpoint_run() method instead.
  warnings.warn(

2026-06-28 13:58:53,487 WARNING /home/vignesh/miniconda3/envs/vicky/lib/python3.10/site-packages/great_expectations/expectations/expectation.py:1631: UserWarning: `result_format` configured at the Validator-level will not be persisted. Please add the configuration to your Checkpoint config or checkpoint_run() method instead.
  warnings.warn(

2026-06-28 13:58:53,507 WARNING /home/vignesh/miniconda3/envs/vicky/lib/python3.10/site-packages/great_expectations/expectations/expectation.py:1631: UserWarning: `result_format` configured at the Validator-level will not be persisted. Please add the configuration to your Checkpoint config or checkpoint_run() method instead.
  warnings.warn(

2026-06-28 13:58:53,514 INFO 	3 expectation(s) included in expectation_suite.
2026-06-28 13:58:53,542 INFO Great Expectations validation success=True
2026-06-28 13:58:53,543 INFO Great Expectations validation summary: {"success": true, "results": [{"success": true, "expectation_config": {"type": "expect_column_values_to_not_be_null", "kwargs": {"column": "monthly_revenue"}, "meta": {}, "severity": "critical"}, "result": {"element_count": 103200, "unexpected_count": 0, "unexpected_percent": 0.0, "partial_unexpected_list": []}, "meta": {}, "exception_info": {"raised_exception": false, "exception_traceback": null, "exception_message": null}}, {"success": true, "expectation_config": {"type": "expect_column_values_to_be_between", "kwargs": {"column": "review_score_avg", "min_value": 0.0, "max_value": 5.0}, "meta": {}, "severity": "critical"}, "result": {"element_count": 103200, "unexpected_count": 0, "unexpected_percent": 0.0, "partial_unexpected_list": [], "missing_count": 0, "missing_percent": 0.0, "unexpected_percent_total": 0.0, "unexpected_percent_nonmissing": 0.0}, "meta": {}, "exception_info": {"raised_exception": false, "exception_traceback": null, "exception_message": null}}, {"success": true, "expectation_config": {"type": "expect_column_values_to_not_be_null", "kwargs": {"column": "customer_id"}, "meta": {}, "severity": "critical"}, "result": {"element_count": 103200, "unexpected_count": 0, "unexpected_percent": 0.0, "partial_unexpected_list": []}, "meta": {}, "exception_info": {"raised_exception": false, "exception_traceback": null, "exception_message": null}}], "suite_name": "olist_curated_quality_checks", "suite_parameters": {}, "statistics": {"evaluated_expectations": 3, "successful_expectations": 3, "unsuccessful_expectations": 0, "success_percent": 100.0}, "meta": {"great_expectations_version": "1.18.2", "expectation_suite_name": "olist_curated_quality_checks", "run_id": {"run_name": null, "run_time": "2026-06-28T13:58:53.514031+05:30"}, "batch_spec": {}, "batch_markers": {"ge_load_time": "20260628T082853.480593Z"}, "active_batch_definition": {}, "validation_time": "20260628T082853.513991Z", "checkpoint_name": null}, "id": null}
